<?xml version="1.0" encoding="UTF-8"?>
<!-- Generated by org.testng.reporters.JUnitXMLReporter -->
<testsuite hostname="GIFTECH-L-062" ignored="0" name="Default test" tests="3" failures="0" timestamp="2023-07-12T12:26:40 IST" time="20.369" errors="0">
  <testcase name="verifyPageTitle" time="0.045" classname="com.osaka.qa.test.ParentAdmissionFormTest"/>
  <testcase name="fillFirstInfo" time="15.645" classname="com.osaka.qa.test.ParentAdmissionFormTest"/>
  <testcase name="fillParInfo" time="0.22" classname="com.osaka.qa.test.ParentAdmissionFormTest"/>
</testsuite> <!-- Default test -->
