<?xml version="1.0" encoding="UTF-8"?>
<testng-results skipped="0" failed="0" ignored="0" total="3" passed="3">
  <reporter-output>
  </reporter-output>
  <suite name="Default suite" duration-ms="20369" started-at="2023-07-12T12:26:20 IST" finished-at="2023-07-12T12:26:40 IST">
    <groups>
    </groups>
    <test name="Default test" duration-ms="20369" started-at="2023-07-12T12:26:20 IST" finished-at="2023-07-12T12:26:40 IST">
      <class name="com.osaka.qa.test.ParentAdmissionFormTest">
        <test-method status="PASS" signature="setUp()[pri:0, instance:com.osaka.qa.test.ParentAdmissionFormTest@42d8062c]" name="setUp" is-config="true" duration-ms="4420" started-at="2023-07-12T12:26:20 IST" finished-at="2023-07-12T12:26:24 IST">
          <reporter-output>
          </reporter-output>
        </test-method> <!-- setUp -->
        <test-method status="PASS" signature="verifyPageTitle()[pri:0, instance:com.osaka.qa.test.ParentAdmissionFormTest@42d8062c]" name="verifyPageTitle" duration-ms="45" started-at="2023-07-12T12:26:24 IST" finished-at="2023-07-12T12:26:24 IST">
          <reporter-output>
          </reporter-output>
        </test-method> <!-- verifyPageTitle -->
        <test-method status="PASS" signature="fillFirstInfo()[pri:1, instance:com.osaka.qa.test.ParentAdmissionFormTest@42d8062c]" name="fillFirstInfo" duration-ms="15645" started-at="2023-07-12T12:26:24 IST" finished-at="2023-07-12T12:26:40 IST">
          <reporter-output>
          </reporter-output>
        </test-method> <!-- fillFirstInfo -->
        <test-method status="PASS" signature="fillParInfo()[pri:2, instance:com.osaka.qa.test.ParentAdmissionFormTest@42d8062c]" name="fillParInfo" duration-ms="220" started-at="2023-07-12T12:26:40 IST" finished-at="2023-07-12T12:26:40 IST">
          <reporter-output>
          </reporter-output>
        </test-method> <!-- fillParInfo -->
      </class> <!-- com.osaka.qa.test.ParentAdmissionFormTest -->
    </test> <!-- Default test -->
  </suite> <!-- Default suite -->
</testng-results>
